<?xml version="1.0" encoding="UTF-8"?>
<!-- Generated by org.testng.reporters.JUnitXMLReporter -->
<testsuite hostname="DESKTOP-QFU6CGB" ignored="0" name="Hub Spot sanity test" tests="9" failures="0" timestamp="2020-05-08T11:48:27 EDT" time="176.545" errors="0">
  <testcase name="loginTest" time="6.439" classname="com.qa.hubspot.tests.LoginTest"/>
  <testcase name="loginPageTitleTest" time="5.177" classname="com.qa.hubspot.tests.LoginTest"/>
  <testcase name="verifyHomePageTitleTest" time="2.596" classname="com.qa.hubspot.tests.HomePageTest"/>
  <testcase name="verifyUserLoggedIn" time="2.557" classname="com.qa.hubspot.tests.HomePageTest"/>
  <testcase name="verifyContactsPageTitleTest" time="0.363" classname="com.qa.hubspot.tests.ContactsPageTest"/>
  <testcase name="createNewContactTest" time="5.83" classname="com.qa.hubspot.tests.ContactsPageTest"/>
  <testcase name="createNewContactTest" time="5.047" classname="com.qa.hubspot.tests.ContactsPageTest"/>
  <testcase name="createNewContactTest" time="5.298" classname="com.qa.hubspot.tests.ContactsPageTest"/>
  <testcase name="createNewContactTest" time="5.928" classname="com.qa.hubspot.tests.ContactsPageTest"/>
</testsuite> <!-- Hub Spot sanity test -->
