<?xml version="1.0" encoding="UTF-8"?>
<!-- Generated by org.testng.reporters.JUnitXMLReporter -->
<testsuite hostname="DESKTOP-QFU6CGB" ignored="1" name="Default test" tests="1" failures="0" timestamp="2020-05-08T11:45:08 EDT" time="19.142" errors="0">
  <testcase name="verifyUserLoggedIn" time="2.662" classname="com.qa.hubspot.tests.HomePageTest"/>
  <testcase name="verifyHomePageTitleTest" time="0.0" classname="com.qa.hubspot.tests.HomePageTest">
    <ignored/>
  </testcase> <!-- verifyHomePageTitleTest -->
</testsuite> <!-- Default test -->
